<?xml version="1.0" encoding="UTF-8"?>
<!-- Generated by org.testng.reporters.JUnitReportReporter -->
<testsuite skipped="0" hostname="DESKTOP-9S7NQ6K" name="qsp.Demo" tests="1" failures="0" timestamp="24 Jan 2019 08:27:02 GMT" time="0.010" errors="0">
  <testcase name="testA" time="0.010" classname="qsp.Demo"/>
</testsuite> <!-- qsp.Demo -->
